#
# There is insufficient memory for the Java Runtime Environment to continue.
# Native memory allocation (malloc) failed to allocate 262160 bytes. Error detail: Chunk::new
# Possible reasons:
#   The system is out of physical RAM or swap space
#   This process is running with CompressedOops enabled, and the Java Heap may be blocking the growth of the native heap
# Possible solutions:
#   Reduce memory load on the system
#   Increase physical memory or swap space
#   Check if swap backing store is full
#   Decrease Java heap size (-Xmx/-Xms)
#   Decrease number of Java threads
#   Decrease Java thread stack sizes (-Xss)
#   Set larger code cache with -XX:ReservedCodeCacheSize=
#   JVM is running with Unscaled Compressed Oops mode in which the Java heap is
#     placed in the first 4GB address space. The Java Heap base address is the
#     maximum limit for the native heap growth. Please use -XX:HeapBaseMinAddress
#     to set the Java Heap base and to place the Java Heap above 4GB virtual address.
# This output file may be truncated or incomplete.
#
#  Out of Memory Error (arena.cpp:168), pid=44624, tid=5216
#
# JRE version: OpenJDK Runtime Environment Temurin-21.0.6+7 (21.0.6+7) (build 21.0.6+7-LTS)
# Java VM: OpenJDK 64-Bit Server VM Temurin-21.0.6+7 (21.0.6+7-LTS, mixed mode, sharing, tiered, compressed oops, compressed class ptrs, g1 gc, windows-amd64)
# No core dump will be written. Minidumps are not enabled by default on client versions of Windows
#

---------------  S U M M A R Y ------------

Command Line: -XX:+ShowCodeDetailsInExceptionMessages com.hallbooking.model.DemoApplication

Host: Intel(R) Core(TM) i5-1035G1 CPU @ 1.00GHz, 8 cores, 7G,  Windows 11 , 64 bit Build 22621 (10.0.22621.5124)
Time: Mon May  5 08:50:37 2025 Sri Lanka Standard Time elapsed time: 2.298360 seconds (0d 0h 0m 2s)

---------------  T H R E A D  ---------------

Current thread (0x0000024d3e5fe930):  JavaThread "C2 CompilerThread1" daemon [_thread_in_native, id=5216, stack(0x000000a2f6100000,0x000000a2f6200000) (1024K)]


Current CompileTask:
C2:2298 2123       4       java.lang.invoke.MethodType::methodType (69 bytes)

Stack: [0x000000a2f6100000,0x000000a2f6200000]
Native frames: (J=compiled Java code, j=interpreted, Vv=VM code, C=native code)
V  [jvm.dll+0x6cdee9]
V  [jvm.dll+0x8a83d1]
V  [jvm.dll+0x8aa8fe]
V  [jvm.dll+0x8aafe3]
V  [jvm.dll+0x27f706]
V  [jvm.dll+0xc500d]
V  [jvm.dll+0xc5543]
V  [jvm.dll+0xc5135]
V  [jvm.dll+0x6aa647]
V  [jvm.dll+0x8cbb8]
V  [jvm.dll+0x65dc1d]
V  [jvm.dll+0x65bb6e]
V  [jvm.dll+0x247875]
V  [jvm.dll+0x246fcf]
V  [jvm.dll+0x1c75ee]
V  [jvm.dll+0x25685a]
V  [jvm.dll+0x254dfa]
V  [jvm.dll+0x3f0256]
V  [jvm.dll+0x851f8b]
V  [jvm.dll+0x6cc5ed]
C  [ucrtbase.dll+0x29333]
C  [KERNEL32.DLL+0x1259d]
C  [ntdll.dll+0x5af38]


---------------  P R O C E S S  ---------------

Threads class SMR info:
_java_thread_list=0x0000024d860835f0, length=14, elements={
0x0000024d26d6ffd0, 0x0000024d3e3e0ce0, 0x0000024d3e3e1890, 0x0000024d3e3e37e0,
0x0000024d3e3e4840, 0x0000024d3e3e62a0, 0x0000024d3e3eee30, 0x0000024d3e3f7200,
0x0000024d3e3f7dc0, 0x0000024d3e53a900, 0x0000024d3e542f00, 0x0000024d3e5fe930,
0x0000024d84347930, 0x0000024d844aed20
}

Java Threads: ( => current thread )
  0x0000024d26d6ffd0 JavaThread "main"                              [_thread_blocked, id=15056, stack(0x000000a2f4f00000,0x000000a2f5000000) (1024K)]
  0x0000024d3e3e0ce0 JavaThread "Reference Handler"          daemon [_thread_blocked, id=42796, stack(0x000000a2f5700000,0x000000a2f5800000) (1024K)]
  0x0000024d3e3e1890 JavaThread "Finalizer"                  daemon [_thread_blocked, id=42328, stack(0x000000a2f5800000,0x000000a2f5900000) (1024K)]
  0x0000024d3e3e37e0 JavaThread "Signal Dispatcher"          daemon [_thread_blocked, id=35768, stack(0x000000a2f5900000,0x000000a2f5a00000) (1024K)]
  0x0000024d3e3e4840 JavaThread "Attach Listener"            daemon [_thread_blocked, id=18304, stack(0x000000a2f5a00000,0x000000a2f5b00000) (1024K)]
  0x0000024d3e3e62a0 JavaThread "Service Thread"             daemon [_thread_blocked, id=39416, stack(0x000000a2f5b00000,0x000000a2f5c00000) (1024K)]
  0x0000024d3e3eee30 JavaThread "Monitor Deflation Thread"   daemon [_thread_blocked, id=15184, stack(0x000000a2f5c00000,0x000000a2f5d00000) (1024K)]
  0x0000024d3e3f7200 JavaThread "C2 CompilerThread0"         daemon [_thread_in_native, id=13960, stack(0x000000a2f5d00000,0x000000a2f5e00000) (1024K)]
  0x0000024d3e3f7dc0 JavaThread "C1 CompilerThread0"         daemon [_thread_blocked, id=24404, stack(0x000000a2f5e00000,0x000000a2f5f00000) (1024K)]
  0x0000024d3e53a900 JavaThread "Notification Thread"        daemon [_thread_blocked, id=51188, stack(0x000000a2f5f00000,0x000000a2f6000000) (1024K)]
  0x0000024d3e542f00 JavaThread "Common-Cleaner"             daemon [_thread_blocked, id=44548, stack(0x000000a2f6000000,0x000000a2f6100000) (1024K)]
=>0x0000024d3e5fe930 JavaThread "C2 CompilerThread1"         daemon [_thread_in_native, id=5216, stack(0x000000a2f6100000,0x000000a2f6200000) (1024K)]
  0x0000024d84347930 JavaThread "Thread-0"                          [_thread_blocked, id=39712, stack(0x000000a2f6200000,0x000000a2f6300000) (1024K)]
  0x0000024d844aed20 JavaThread "restartedMain"                     [_thread_in_vm, id=41084, stack(0x000000a2f6300000,0x000000a2f6400000) (1024K)]
Total: 14

Other Threads:
  0x0000024d3e3c6520 VMThread "VM Thread"                           [id=31436, stack(0x000000a2f5600000,0x000000a2f5700000) (1024K)]
  0x0000024d3e3b46b0 WatcherThread "VM Periodic Task Thread"        [id=42684, stack(0x000000a2f5500000,0x000000a2f5600000) (1024K)]
  0x0000024d26dd1fd0 WorkerThread "GC Thread#0"                     [id=42820, stack(0x000000a2f5000000,0x000000a2f5100000) (1024K)]
  0x0000024d84865170 WorkerThread "GC Thread#1"                     [id=33264, stack(0x000000a2f6400000,0x000000a2f6500000) (1024K)]
  0x0000024d84865510 WorkerThread "GC Thread#2"                     [id=40264, stack(0x000000a2f6500000,0x000000a2f6600000) (1024K)]
  0x0000024d84384b30 WorkerThread "GC Thread#3"                     [id=42560, stack(0x000000a2f6600000,0x000000a2f6700000) (1024K)]
  0x0000024d84384ed0 WorkerThread "GC Thread#4"                     [id=34012, stack(0x000000a2f6700000,0x000000a2f6800000) (1024K)]
  0x0000024d84385270 WorkerThread "GC Thread#5"                     [id=8036, stack(0x000000a2f6800000,0x000000a2f6900000) (1024K)]
  0x0000024d84e986f0 WorkerThread "GC Thread#6"                     [id=32932, stack(0x000000a2f6a00000,0x000000a2f6b00000) (1024K)]
  0x0000024d84f07310 WorkerThread "GC Thread#7"                     [id=13916, stack(0x000000a2f6b00000,0x000000a2f6c00000) (1024K)]
  0x0000024d26de3130 ConcurrentGCThread "G1 Main Marker"            [id=6624, stack(0x000000a2f5100000,0x000000a2f5200000) (1024K)]
  0x0000024d26de3b30 WorkerThread "G1 Conc#0"                       [id=20308, stack(0x000000a2f5200000,0x000000a2f5300000) (1024K)]
  0x0000024d26e2e540 ConcurrentGCThread "G1 Refine#0"               [id=46616, stack(0x000000a2f5300000,0x000000a2f5400000) (1024K)]
  0x0000024d3e2851a0 ConcurrentGCThread "G1 Service"                [id=19192, stack(0x000000a2f5400000,0x000000a2f5500000) (1024K)]
Total: 14

Threads with active compile tasks:
C2 CompilerThread0  2342 2118       4       java.lang.invoke.MethodType::makeImpl (109 bytes)
C2 CompilerThread1  2342 2123       4       java.lang.invoke.MethodType::methodType (69 bytes)
Total: 2

VM state: not at safepoint (normal execution)

VM Mutex/Monitor currently owned by a thread: None

Heap address: 0x0000000083a00000, size: 1990 MB, Compressed Oops mode: 32-bit

CDS archive(s) mapped at: [0x0000024d3f000000-0x0000024d3fba0000-0x0000024d3fba0000), size 12189696, SharedBaseAddress: 0x0000024d3f000000, ArchiveRelocationMode: 1.
Compressed class space mapped at: 0x0000024d40000000-0x0000024d80000000, reserved size: 1073741824
Narrow klass base: 0x0000024d3f000000, Narrow klass shift: 0, Narrow klass range: 0x100000000

GC Precious Log:
 CardTable entry size: 512
 Card Set container configuration: InlinePtr #cards 5 size 8 Array Of Cards #cards 12 size 40 Howl #buckets 4 coarsen threshold 1843 Howl Bitmap #cards 512 size 80 coarsen threshold 460 Card regions per heap region 1 cards per card region 2048
 CPUs: 8 total, 8 available
 Memory: 7959M
 Large Page Support: Disabled
 NUMA Support: Disabled
 Compressed Oops: Enabled (32-bit)
 Heap Region Size: 1M
 Heap Min Capacity: 8M
 Heap Initial Capacity: 126M
 Heap Max Capacity: 1990M
 Pre-touch: Disabled
 Parallel Workers: 8
 Concurrent Workers: 2
 Concurrent Refinement Workers: 8
 Periodic GC: Disabled

Heap:
 garbage-first heap   total 129024K, used 29155K [0x0000000083a00000, 0x0000000100000000)
  region size 1024K, 23 young (23552K), 3 survivors (3072K)
 Metaspace       used 18175K, committed 18496K, reserved 1114112K
  class space    used 2246K, committed 2368K, reserved 1048576K

Heap Regions: E=young(eden), S=young(survivor), O=old, HS=humongous(starts), HC=humongous(continues), CS=collection set, F=free, TAMS=top-at-mark-start, PB=parsable bottom
|   0|0x0000000083a00000, 0x0000000083b00000, 0x0000000083b00000|100%|HS|  |TAMS 0x0000000083a00000| PB 0x0000000083a00000| Complete 
|   1|0x0000000083b00000, 0x0000000083c00000, 0x0000000083c00000|100%|HS|  |TAMS 0x0000000083b00000| PB 0x0000000083b00000| Complete 
|   2|0x0000000083c00000, 0x0000000083d00000, 0x0000000083d00000|100%| O|  |TAMS 0x0000000083c00000| PB 0x0000000083c00000| Untracked 
|   3|0x0000000083d00000, 0x0000000083e00000, 0x0000000083e00000|100%| O|  |TAMS 0x0000000083d00000| PB 0x0000000083d00000| Untracked 
|   4|0x0000000083e00000, 0x0000000083f00000, 0x0000000083f00000|100%| O|  |TAMS 0x0000000083e00000| PB 0x0000000083e00000| Untracked 
|   5|0x0000000083f00000, 0x0000000084000000, 0x0000000084000000|100%| O|  |TAMS 0x0000000083f00000| PB 0x0000000083f00000| Untracked 
|   6|0x0000000084000000, 0x0000000084100000, 0x0000000084100000|100%| O|  |TAMS 0x0000000084000000| PB 0x0000000084000000| Untracked 
|   7|0x0000000084100000, 0x0000000084191528, 0x0000000084200000| 56%| O|  |TAMS 0x0000000084100000| PB 0x0000000084100000| Untracked 
|   8|0x0000000084200000, 0x0000000084200000, 0x0000000084300000|  0%| F|  |TAMS 0x0000000084200000| PB 0x0000000084200000| Untracked 
|   9|0x0000000084300000, 0x0000000084300000, 0x0000000084400000|  0%| F|  |TAMS 0x0000000084300000| PB 0x0000000084300000| Untracked 
|  10|0x0000000084400000, 0x0000000084400000, 0x0000000084500000|  0%| F|  |TAMS 0x0000000084400000| PB 0x0000000084400000| Untracked 
|  11|0x0000000084500000, 0x0000000084500000, 0x0000000084600000|  0%| F|  |TAMS 0x0000000084500000| PB 0x0000000084500000| Untracked 
|  12|0x0000000084600000, 0x0000000084600000, 0x0000000084700000|  0%| F|  |TAMS 0x0000000084600000| PB 0x0000000084600000| Untracked 
|  13|0x0000000084700000, 0x0000000084700000, 0x0000000084800000|  0%| F|  |TAMS 0x0000000084700000| PB 0x0000000084700000| Untracked 
|  14|0x0000000084800000, 0x0000000084800000, 0x0000000084900000|  0%| F|  |TAMS 0x0000000084800000| PB 0x0000000084800000| Untracked 
|  15|0x0000000084900000, 0x0000000084900000, 0x0000000084a00000|  0%| F|  |TAMS 0x0000000084900000| PB 0x0000000084900000| Untracked 
|  16|0x0000000084a00000, 0x0000000084a00000, 0x0000000084b00000|  0%| F|  |TAMS 0x0000000084a00000| PB 0x0000000084a00000| Untracked 
|  17|0x0000000084b00000, 0x0000000084b00000, 0x0000000084c00000|  0%| F|  |TAMS 0x0000000084b00000| PB 0x0000000084b00000| Untracked 
|  18|0x0000000084c00000, 0x0000000084c00000, 0x0000000084d00000|  0%| F|  |TAMS 0x0000000084c00000| PB 0x0000000084c00000| Untracked 
|  19|0x0000000084d00000, 0x0000000084d00000, 0x0000000084e00000|  0%| F|  |TAMS 0x0000000084d00000| PB 0x0000000084d00000| Untracked 
|  20|0x0000000084e00000, 0x0000000084e00000, 0x0000000084f00000|  0%| F|  |TAMS 0x0000000084e00000| PB 0x0000000084e00000| Untracked 
|  21|0x0000000084f00000, 0x0000000084f00000, 0x0000000085000000|  0%| F|  |TAMS 0x0000000084f00000| PB 0x0000000084f00000| Untracked 
|  22|0x0000000085000000, 0x0000000085000000, 0x0000000085100000|  0%| F|  |TAMS 0x0000000085000000| PB 0x0000000085000000| Untracked 
|  23|0x0000000085100000, 0x0000000085100000, 0x0000000085200000|  0%| F|  |TAMS 0x0000000085100000| PB 0x0000000085100000| Untracked 
|  24|0x0000000085200000, 0x0000000085200000, 0x0000000085300000|  0%| F|  |TAMS 0x0000000085200000| PB 0x0000000085200000| Untracked 
|  25|0x0000000085300000, 0x0000000085300000, 0x0000000085400000|  0%| F|  |TAMS 0x0000000085300000| PB 0x0000000085300000| Untracked 
|  26|0x0000000085400000, 0x0000000085400000, 0x0000000085500000|  0%| F|  |TAMS 0x0000000085400000| PB 0x0000000085400000| Untracked 
|  27|0x0000000085500000, 0x0000000085500000, 0x0000000085600000|  0%| F|  |TAMS 0x0000000085500000| PB 0x0000000085500000| Untracked 
|  28|0x0000000085600000, 0x0000000085600000, 0x0000000085700000|  0%| F|  |TAMS 0x0000000085600000| PB 0x0000000085600000| Untracked 
|  29|0x0000000085700000, 0x0000000085700000, 0x0000000085800000|  0%| F|  |TAMS 0x0000000085700000| PB 0x0000000085700000| Untracked 
|  30|0x0000000085800000, 0x0000000085800000, 0x0000000085900000|  0%| F|  |TAMS 0x0000000085800000| PB 0x0000000085800000| Untracked 
|  31|0x0000000085900000, 0x0000000085900000, 0x0000000085a00000|  0%| F|  |TAMS 0x0000000085900000| PB 0x0000000085900000| Untracked 
|  32|0x0000000085a00000, 0x0000000085a00000, 0x0000000085b00000|  0%| F|  |TAMS 0x0000000085a00000| PB 0x0000000085a00000| Untracked 
|  33|0x0000000085b00000, 0x0000000085b00000, 0x0000000085c00000|  0%| F|  |TAMS 0x0000000085b00000| PB 0x0000000085b00000| Untracked 
|  34|0x0000000085c00000, 0x0000000085c00000, 0x0000000085d00000|  0%| F|  |TAMS 0x0000000085c00000| PB 0x0000000085c00000| Untracked 
|  35|0x0000000085d00000, 0x0000000085d00000, 0x0000000085e00000|  0%| F|  |TAMS 0x0000000085d00000| PB 0x0000000085d00000| Untracked 
|  36|0x0000000085e00000, 0x0000000085e00000, 0x0000000085f00000|  0%| F|  |TAMS 0x0000000085e00000| PB 0x0000000085e00000| Untracked 
|  37|0x0000000085f00000, 0x0000000085f00000, 0x0000000086000000|  0%| F|  |TAMS 0x0000000085f00000| PB 0x0000000085f00000| Untracked 
|  38|0x0000000086000000, 0x0000000086000000, 0x0000000086100000|  0%| F|  |TAMS 0x0000000086000000| PB 0x0000000086000000| Untracked 
|  39|0x0000000086100000, 0x0000000086100000, 0x0000000086200000|  0%| F|  |TAMS 0x0000000086100000| PB 0x0000000086100000| Untracked 
|  40|0x0000000086200000, 0x0000000086200000, 0x0000000086300000|  0%| F|  |TAMS 0x0000000086200000| PB 0x0000000086200000| Untracked 
|  41|0x0000000086300000, 0x0000000086300000, 0x0000000086400000|  0%| F|  |TAMS 0x0000000086300000| PB 0x0000000086300000| Untracked 
|  42|0x0000000086400000, 0x0000000086400000, 0x0000000086500000|  0%| F|  |TAMS 0x0000000086400000| PB 0x0000000086400000| Untracked 
|  43|0x0000000086500000, 0x0000000086500000, 0x0000000086600000|  0%| F|  |TAMS 0x0000000086500000| PB 0x0000000086500000| Untracked 
|  44|0x0000000086600000, 0x0000000086600000, 0x0000000086700000|  0%| F|  |TAMS 0x0000000086600000| PB 0x0000000086600000| Untracked 
|  45|0x0000000086700000, 0x0000000086700000, 0x0000000086800000|  0%| F|  |TAMS 0x0000000086700000| PB 0x0000000086700000| Untracked 
|  46|0x0000000086800000, 0x0000000086800000, 0x0000000086900000|  0%| F|  |TAMS 0x0000000086800000| PB 0x0000000086800000| Untracked 
|  47|0x0000000086900000, 0x0000000086900000, 0x0000000086a00000|  0%| F|  |TAMS 0x0000000086900000| PB 0x0000000086900000| Untracked 
|  48|0x0000000086a00000, 0x0000000086a00000, 0x0000000086b00000|  0%| F|  |TAMS 0x0000000086a00000| PB 0x0000000086a00000| Untracked 
|  49|0x0000000086b00000, 0x0000000086b00000, 0x0000000086c00000|  0%| F|  |TAMS 0x0000000086b00000| PB 0x0000000086b00000| Untracked 
|  50|0x0000000086c00000, 0x0000000086c00000, 0x0000000086d00000|  0%| F|  |TAMS 0x0000000086c00000| PB 0x0000000086c00000| Untracked 
|  51|0x0000000086d00000, 0x0000000086d00000, 0x0000000086e00000|  0%| F|  |TAMS 0x0000000086d00000| PB 0x0000000086d00000| Untracked 
|  52|0x0000000086e00000, 0x0000000086e00000, 0x0000000086f00000|  0%| F|  |TAMS 0x0000000086e00000| PB 0x0000000086e00000| Untracked 
|  53|0x0000000086f00000, 0x0000000086f00000, 0x0000000087000000|  0%| F|  |TAMS 0x0000000086f00000| PB 0x0000000086f00000| Untracked 
|  54|0x0000000087000000, 0x0000000087000000, 0x0000000087100000|  0%| F|  |TAMS 0x0000000087000000| PB 0x0000000087000000| Untracked 
|  55|0x0000000087100000, 0x0000000087100000, 0x0000000087200000|  0%| F|  |TAMS 0x0000000087100000| PB 0x0000000087100000| Untracked 
|  56|0x0000000087200000, 0x0000000087200000, 0x0000000087300000|  0%| F|  |TAMS 0x0000000087200000| PB 0x0000000087200000| Untracked 
|  57|0x0000000087300000, 0x0000000087300000, 0x0000000087400000|  0%| F|  |TAMS 0x0000000087300000| PB 0x0000000087300000| Untracked 
|  58|0x0000000087400000, 0x0000000087400000, 0x0000000087500000|  0%| F|  |TAMS 0x0000000087400000| PB 0x0000000087400000| Untracked 
|  59|0x0000000087500000, 0x0000000087500000, 0x0000000087600000|  0%| F|  |TAMS 0x0000000087500000| PB 0x0000000087500000| Untracked 
|  60|0x0000000087600000, 0x0000000087600000, 0x0000000087700000|  0%| F|  |TAMS 0x0000000087600000| PB 0x0000000087600000| Untracked 
|  61|0x0000000087700000, 0x0000000087700000, 0x0000000087800000|  0%| F|  |TAMS 0x0000000087700000| PB 0x0000000087700000| Untracked 
|  62|0x0000000087800000, 0x0000000087800000, 0x0000000087900000|  0%| F|  |TAMS 0x0000000087800000| PB 0x0000000087800000| Untracked 
|  63|0x0000000087900000, 0x0000000087900000, 0x0000000087a00000|  0%| F|  |TAMS 0x0000000087900000| PB 0x0000000087900000| Untracked 
|  64|0x0000000087a00000, 0x0000000087a00000, 0x0000000087b00000|  0%| F|  |TAMS 0x0000000087a00000| PB 0x0000000087a00000| Untracked 
|  65|0x0000000087b00000, 0x0000000087b00000, 0x0000000087c00000|  0%| F|  |TAMS 0x0000000087b00000| PB 0x0000000087b00000| Untracked 
|  66|0x0000000087c00000, 0x0000000087c00000, 0x0000000087d00000|  0%| F|  |TAMS 0x0000000087c00000| PB 0x0000000087c00000| Untracked 
|  67|0x0000000087d00000, 0x0000000087d00000, 0x0000000087e00000|  0%| F|  |TAMS 0x0000000087d00000| PB 0x0000000087d00000| Untracked 
|  68|0x0000000087e00000, 0x0000000087e00000, 0x0000000087f00000|  0%| F|  |TAMS 0x0000000087e00000| PB 0x0000000087e00000| Untracked 
|  69|0x0000000087f00000, 0x0000000087f00000, 0x0000000088000000|  0%| F|  |TAMS 0x0000000087f00000| PB 0x0000000087f00000| Untracked 
|  70|0x0000000088000000, 0x0000000088000000, 0x0000000088100000|  0%| F|  |TAMS 0x0000000088000000| PB 0x0000000088000000| Untracked 
|  71|0x0000000088100000, 0x0000000088100000, 0x0000000088200000|  0%| F|  |TAMS 0x0000000088100000| PB 0x0000000088100000| Untracked 
|  72|0x0000000088200000, 0x0000000088200000, 0x0000000088300000|  0%| F|  |TAMS 0x0000000088200000| PB 0x0000000088200000| Untracked 
|  73|0x0000000088300000, 0x0000000088300000, 0x0000000088400000|  0%| F|  |TAMS 0x0000000088300000| PB 0x0000000088300000| Untracked 
|  74|0x0000000088400000, 0x0000000088400000, 0x0000000088500000|  0%| F|  |TAMS 0x0000000088400000| PB 0x0000000088400000| Untracked 
|  75|0x0000000088500000, 0x0000000088500000, 0x0000000088600000|  0%| F|  |TAMS 0x0000000088500000| PB 0x0000000088500000| Untracked 
|  76|0x0000000088600000, 0x0000000088600000, 0x0000000088700000|  0%| F|  |TAMS 0x0000000088600000| PB 0x0000000088600000| Untracked 
|  77|0x0000000088700000, 0x0000000088700000, 0x0000000088800000|  0%| F|  |TAMS 0x0000000088700000| PB 0x0000000088700000| Untracked 
|  78|0x0000000088800000, 0x0000000088800000, 0x0000000088900000|  0%| F|  |TAMS 0x0000000088800000| PB 0x0000000088800000| Untracked 
|  79|0x0000000088900000, 0x0000000088900000, 0x0000000088a00000|  0%| F|  |TAMS 0x0000000088900000| PB 0x0000000088900000| Untracked 
|  80|0x0000000088a00000, 0x0000000088a00000, 0x0000000088b00000|  0%| F|  |TAMS 0x0000000088a00000| PB 0x0000000088a00000| Untracked 
|  81|0x0000000088b00000, 0x0000000088b00000, 0x0000000088c00000|  0%| F|  |TAMS 0x0000000088b00000| PB 0x0000000088b00000| Untracked 
|  82|0x0000000088c00000, 0x0000000088c00000, 0x0000000088d00000|  0%| F|  |TAMS 0x0000000088c00000| PB 0x0000000088c00000| Untracked 
|  83|0x0000000088d00000, 0x0000000088d00000, 0x0000000088e00000|  0%| F|  |TAMS 0x0000000088d00000| PB 0x0000000088d00000| Untracked 
|  84|0x0000000088e00000, 0x0000000088e00000, 0x0000000088f00000|  0%| F|  |TAMS 0x0000000088e00000| PB 0x0000000088e00000| Untracked 
|  85|0x0000000088f00000, 0x0000000088f00000, 0x0000000089000000|  0%| F|  |TAMS 0x0000000088f00000| PB 0x0000000088f00000| Untracked 
|  86|0x0000000089000000, 0x0000000089000000, 0x0000000089100000|  0%| F|  |TAMS 0x0000000089000000| PB 0x0000000089000000| Untracked 
|  87|0x0000000089100000, 0x0000000089100000, 0x0000000089200000|  0%| F|  |TAMS 0x0000000089100000| PB 0x0000000089100000| Untracked 
|  88|0x0000000089200000, 0x0000000089200000, 0x0000000089300000|  0%| F|  |TAMS 0x0000000089200000| PB 0x0000000089200000| Untracked 
|  89|0x0000000089300000, 0x0000000089300000, 0x0000000089400000|  0%| F|  |TAMS 0x0000000089300000| PB 0x0000000089300000| Untracked 
|  90|0x0000000089400000, 0x00000000894e7890, 0x0000000089500000| 90%| S|CS|TAMS 0x0000000089400000| PB 0x0000000089400000| Complete 
|  91|0x0000000089500000, 0x0000000089600000, 0x0000000089600000|100%| S|CS|TAMS 0x0000000089500000| PB 0x0000000089500000| Complete 
|  92|0x0000000089600000, 0x0000000089700000, 0x0000000089700000|100%| S|CS|TAMS 0x0000000089600000| PB 0x0000000089600000| Complete 
|  93|0x0000000089700000, 0x0000000089700000, 0x0000000089800000|  0%| F|  |TAMS 0x0000000089700000| PB 0x0000000089700000| Untracked 
|  94|0x0000000089800000, 0x0000000089800000, 0x0000000089900000|  0%| F|  |TAMS 0x0000000089800000| PB 0x0000000089800000| Untracked 
|  95|0x0000000089900000, 0x0000000089900000, 0x0000000089a00000|  0%| F|  |TAMS 0x0000000089900000| PB 0x0000000089900000| Untracked 
|  96|0x0000000089a00000, 0x0000000089a00000, 0x0000000089b00000|  0%| F|  |TAMS 0x0000000089a00000| PB 0x0000000089a00000| Untracked 
|  97|0x0000000089b00000, 0x0000000089b00000, 0x0000000089c00000|  0%| F|  |TAMS 0x0000000089b00000| PB 0x0000000089b00000| Untracked 
|  98|0x0000000089c00000, 0x0000000089c00000, 0x0000000089d00000|  0%| F|  |TAMS 0x0000000089c00000| PB 0x0000000089c00000| Untracked 
|  99|0x0000000089d00000, 0x0000000089d00000, 0x0000000089e00000|  0%| F|  |TAMS 0x0000000089d00000| PB 0x0000000089d00000| Untracked 
| 100|0x0000000089e00000, 0x0000000089e00000, 0x0000000089f00000|  0%| F|  |TAMS 0x0000000089e00000| PB 0x0000000089e00000| Untracked 
| 101|0x0000000089f00000, 0x0000000089f00000, 0x000000008a000000|  0%| F|  |TAMS 0x0000000089f00000| PB 0x0000000089f00000| Untracked 
| 102|0x000000008a000000, 0x000000008a000000, 0x000000008a100000|  0%| F|  |TAMS 0x000000008a000000| PB 0x000000008a000000| Untracked 
| 103|0x000000008a100000, 0x000000008a100000, 0x000000008a200000|  0%| F|  |TAMS 0x000000008a100000| PB 0x000000008a100000| Untracked 
| 104|0x000000008a200000, 0x000000008a200000, 0x000000008a300000|  0%| F|  |TAMS 0x000000008a200000| PB 0x000000008a200000| Untracked 
| 105|0x000000008a300000, 0x000000008a300000, 0x000000008a400000|  0%| F|  |TAMS 0x000000008a300000| PB 0x000000008a300000| Untracked 
| 106|0x000000008a400000, 0x000000008a4b9300, 0x000000008a500000| 72%| E|  |TAMS 0x000000008a400000| PB 0x000000008a400000| Complete 
| 107|0x000000008a500000, 0x000000008a600000, 0x000000008a600000|100%| E|CS|TAMS 0x000000008a500000| PB 0x000000008a500000| Complete 
| 108|0x000000008a600000, 0x000000008a700000, 0x000000008a700000|100%| E|CS|TAMS 0x000000008a600000| PB 0x000000008a600000| Complete 
| 109|0x000000008a700000, 0x000000008a800000, 0x000000008a800000|100%| E|CS|TAMS 0x000000008a700000| PB 0x000000008a700000| Complete 
| 110|0x000000008a800000, 0x000000008a900000, 0x000000008a900000|100%| E|CS|TAMS 0x000000008a800000| PB 0x000000008a800000| Complete 
| 111|0x000000008a900000, 0x000000008aa00000, 0x000000008aa00000|100%| E|CS|TAMS 0x000000008a900000| PB 0x000000008a900000| Complete 
| 112|0x000000008aa00000, 0x000000008ab00000, 0x000000008ab00000|100%| E|  |TAMS 0x000000008aa00000| PB 0x000000008aa00000| Complete 
| 113|0x000000008ab00000, 0x000000008ac00000, 0x000000008ac00000|100%| E|CS|TAMS 0x000000008ab00000| PB 0x000000008ab00000| Complete 
| 114|0x000000008ac00000, 0x000000008ad00000, 0x000000008ad00000|100%| E|CS|TAMS 0x000000008ac00000| PB 0x000000008ac00000| Complete 
| 115|0x000000008ad00000, 0x000000008ae00000, 0x000000008ae00000|100%| E|CS|TAMS 0x000000008ad00000| PB 0x000000008ad00000| Complete 
| 116|0x000000008ae00000, 0x000000008af00000, 0x000000008af00000|100%| E|CS|TAMS 0x000000008ae00000| PB 0x000000008ae00000| Complete 
| 117|0x000000008af00000, 0x000000008b000000, 0x000000008b000000|100%| E|CS|TAMS 0x000000008af00000| PB 0x000000008af00000| Complete 
| 118|0x000000008b000000, 0x000000008b100000, 0x000000008b100000|100%| E|CS|TAMS 0x000000008b000000| PB 0x000000008b000000| Complete 
| 119|0x000000008b100000, 0x000000008b200000, 0x000000008b200000|100%| E|CS|TAMS 0x000000008b100000| PB 0x000000008b100000| Complete 
| 120|0x000000008b200000, 0x000000008b300000, 0x000000008b300000|100%| E|CS|TAMS 0x000000008b200000| PB 0x000000008b200000| Complete 
| 121|0x000000008b300000, 0x000000008b400000, 0x000000008b400000|100%| E|CS|TAMS 0x000000008b300000| PB 0x000000008b300000| Complete 
| 122|0x000000008b400000, 0x000000008b500000, 0x000000008b500000|100%| E|CS|TAMS 0x000000008b400000| PB 0x000000008b400000| Complete 
| 123|0x000000008b500000, 0x000000008b600000, 0x000000008b600000|100%| E|CS|TAMS 0x000000008b500000| PB 0x000000008b500000| Complete 
| 124|0x000000008b600000, 0x000000008b700000, 0x000000008b700000|100%| E|CS|TAMS 0x000000008b600000| PB 0x000000008b600000| Complete 
| 125|0x000000008b700000, 0x000000008b800000, 0x000000008b800000|100%| E|CS|TAMS 0x000000008b700000| PB 0x000000008b700000| Complete 

Card table byte_map: [0x0000024d39690000,0x0000024d39a80000] _byte_map_base: 0x0000024d39273000

Marking Bits: (CMBitMap*) 0x0000024d26dd2de0
 Bits: [0x0000024d39a80000, 0x0000024d3b998000)

Polling page: 0x0000024d24d40000

Metaspace:

Usage:
  Non-class:     15.58 MB used.
      Class:      2.20 MB used.
       Both:     17.77 MB used.

Virtual space:
  Non-class space:       64.00 MB reserved,      15.75 MB ( 25%) committed,  1 nodes.
      Class space:        1.00 GB reserved,       2.31 MB ( <1%) committed,  1 nodes.
             Both:        1.06 GB reserved,      18.06 MB (  2%) committed. 

Chunk freelists:
   Non-Class:  15.78 MB
       Class:  13.56 MB
        Both:  29.34 MB

MaxMetaspaceSize: unlimited
CompressedClassSpaceSize: 1.00 GB
Initial GC threshold: 21.00 MB
Current GC threshold: 21.00 MB
CDS: on
 - commit_granule_bytes: 65536.
 - commit_granule_words: 8192.
 - virtual_space_node_default_size: 8388608.
 - enlarge_chunks_in_place: 1.
 - use_allocation_guard: 0.


Internal statistics:

num_allocs_failed_limit: 0.
num_arena_births: 306.
num_arena_deaths: 0.
num_vsnodes_births: 2.
num_vsnodes_deaths: 0.
num_space_committed: 289.
num_space_uncommitted: 0.
num_chunks_returned_to_freelist: 0.
num_chunks_taken_from_freelist: 960.
num_chunk_merges: 0.
num_chunk_splits: 609.
num_chunks_enlarged: 418.
num_inconsistent_stats: 0.

CodeHeap 'non-profiled nmethods': size=120000Kb used=784Kb max_used=784Kb free=119215Kb
 bounds [0x0000024d31a30000, 0x0000024d31ca0000, 0x0000024d38f60000]
CodeHeap 'profiled nmethods': size=120000Kb used=4354Kb max_used=4354Kb free=115645Kb
 bounds [0x0000024d29f60000, 0x0000024d2a3b0000, 0x0000024d31490000]
CodeHeap 'non-nmethods': size=5760Kb used=1581Kb max_used=1591Kb free=4178Kb
 bounds [0x0000024d31490000, 0x0000024d31700000, 0x0000024d31a30000]
 total_blobs=2835 nmethods=2317 adapters=422
 compilation: enabled
              stopped_count=0, restarted_count=0
 full_count=0

Compilation events (20 events):
Event: 2.272 Thread 0x0000024d3e3f7dc0 2281       2       jdk.internal.util.ArraysSupport::vectorizedMismatch (268 bytes)
Event: 2.273 Thread 0x0000024d3e3f7dc0 nmethod 2281 0x0000024d2a38e710 code [0x0000024d2a38e8e0, 0x0000024d2a38ebd8]
Event: 2.273 Thread 0x0000024d3e3f7dc0 2280       2       java.lang.StringLatin1::compareTo (41 bytes)
Event: 2.273 Thread 0x0000024d3e3f7dc0 nmethod 2280 0x0000024d2a38ed10 code [0x0000024d2a38eec0, 0x0000024d2a38f088]
Event: 2.273 Thread 0x0000024d3e3f7dc0 2278       2       java.lang.StringLatin1::compareTo (14 bytes)
Event: 2.273 Thread 0x0000024d3e3f7dc0 nmethod 2278 0x0000024d2a38f210 code [0x0000024d2a38f3c0, 0x0000024d2a38f4d0]
Event: 2.273 Thread 0x0000024d3e3f7dc0 2282       2       java.lang.String::compareTo (9 bytes)
Event: 2.273 Thread 0x0000024d3e3f7dc0 nmethod 2282 0x0000024d2a38f610 code [0x0000024d2a38f7c0, 0x0000024d2a38f918]
Event: 2.274 Thread 0x0000024d3e3f7dc0 2285       2       java.util.TreeMap::setColor (10 bytes)
Event: 2.274 Thread 0x0000024d3e3f7dc0 nmethod 2285 0x0000024d2a38fa10 code [0x0000024d2a38fba0, 0x0000024d2a38fc98]
Event: 2.274 Thread 0x0000024d3e3f7dc0 2283       2       java.lang.Integer::numberOfTrailingZeros (80 bytes)
Event: 2.274 Thread 0x0000024d3e3f7dc0 nmethod 2283 0x0000024d2a38fd90 code [0x0000024d2a38ff20, 0x0000024d2a390098]
Event: 2.282 Thread 0x0000024d3e3f7dc0 2286       2       java.lang.Throwable::<init> (39 bytes)
Event: 2.283 Thread 0x0000024d3e3f7dc0 nmethod 2286 0x0000024d2a390110 code [0x0000024d2a3902e0, 0x0000024d2a390620]
Event: 2.286 Thread 0x0000024d3e3f7dc0 2287       2       org.springframework.boot.autoconfigure.AutoConfigurationMetadataLoader$PropertiesAutoConfigurationMetadata::get (8 bytes)
Event: 2.288 Thread 0x0000024d3e3f7dc0 nmethod 2287 0x0000024d2a390710 code [0x0000024d2a390940, 0x0000024d2a390d98]
Event: 2.288 Thread 0x0000024d3e3f7dc0 2288       2       org.springframework.boot.autoconfigure.AutoConfigurationMetadataLoader$PropertiesAutoConfigurationMetadata::get (28 bytes)
Event: 2.289 Thread 0x0000024d3e3f7dc0 nmethod 2288 0x0000024d2a391210 code [0x0000024d2a391440, 0x0000024d2a3918a0]
Event: 2.289 Thread 0x0000024d3e3f7dc0 2289       2       java.lang.Package::<init> (47 bytes)
Event: 2.290 Thread 0x0000024d3e3f7dc0 nmethod 2289 0x0000024d2a391d10 code [0x0000024d2a391ee0, 0x0000024d2a3921d0]

GC Heap History (4 events):
Event: 0.913 GC heap before
{Heap before GC invocations=0 (full 0):
 garbage-first heap   total 129024K, used 24576K [0x0000000083a00000, 0x0000000100000000)
  region size 1024K, 23 young (23552K), 0 survivors (0K)
 Metaspace       used 5262K, committed 5440K, reserved 1114112K
  class space    used 614K, committed 704K, reserved 1048576K
}
Event: 0.922 GC heap after
{Heap after GC invocations=1 (full 0):
 garbage-first heap   total 129024K, used 7509K [0x0000000083a00000, 0x0000000100000000)
  region size 1024K, 3 young (3072K), 3 survivors (3072K)
 Metaspace       used 5262K, committed 5440K, reserved 1114112K
  class space    used 614K, committed 704K, reserved 1048576K
}
Event: 1.817 GC heap before
{Heap before GC invocations=1 (full 0):
 garbage-first heap   total 129024K, used 37205K [0x0000000083a00000, 0x0000000100000000)
  region size 1024K, 33 young (33792K), 3 survivors (3072K)
 Metaspace       used 13434K, committed 13760K, reserved 1114112K
  class space    used 1644K, committed 1792K, reserved 1048576K
}
Event: 1.823 GC heap after
{Heap after GC invocations=2 (full 0):
 garbage-first heap   total 129024K, used 10723K [0x0000000083a00000, 0x0000000100000000)
  region size 1024K, 3 young (3072K), 3 survivors (3072K)
 Metaspace       used 13434K, committed 13760K, reserved 1114112K
  class space    used 1644K, committed 1792K, reserved 1048576K
}

Dll operation events (9 events):
Event: 0.012 Loaded shared library C:\Users\NAVEENA WIMALARATHNE\.vscode\extensions\redhat.java-1.41.1-win32-x64\jre\21.0.6-win32-x86_64\bin\java.dll
Event: 0.044 Loaded shared library C:\Users\NAVEENA WIMALARATHNE\.vscode\extensions\redhat.java-1.41.1-win32-x64\jre\21.0.6-win32-x86_64\bin\zip.dll
Event: 0.136 Loaded shared library C:\Users\NAVEENA WIMALARATHNE\.vscode\extensions\redhat.java-1.41.1-win32-x64\jre\21.0.6-win32-x86_64\bin\net.dll
Event: 0.139 Loaded shared library C:\Users\NAVEENA WIMALARATHNE\.vscode\extensions\redhat.java-1.41.1-win32-x64\jre\21.0.6-win32-x86_64\bin\nio.dll
Event: 0.142 Loaded shared library C:\Users\NAVEENA WIMALARATHNE\.vscode\extensions\redhat.java-1.41.1-win32-x64\jre\21.0.6-win32-x86_64\bin\zip.dll
Event: 0.250 Loaded shared library C:\Users\NAVEENA WIMALARATHNE\.vscode\extensions\redhat.java-1.41.1-win32-x64\jre\21.0.6-win32-x86_64\bin\jimage.dll
Event: 0.531 Loaded shared library C:\Users\NAVEENA WIMALARATHNE\.vscode\extensions\redhat.java-1.41.1-win32-x64\jre\21.0.6-win32-x86_64\bin\management.dll
Event: 0.537 Loaded shared library C:\Users\NAVEENA WIMALARATHNE\.vscode\extensions\redhat.java-1.41.1-win32-x64\jre\21.0.6-win32-x86_64\bin\management_ext.dll
Event: 2.188 Loaded shared library C:\Users\NAVEENA WIMALARATHNE\.vscode\extensions\redhat.java-1.41.1-win32-x64\jre\21.0.6-win32-x86_64\bin\sunmscapi.dll

Deoptimization events (20 events):
Event: 2.026 Thread 0x0000024d844aed20 Uncommon trap: trap_request=0xffffffc6 fr.pc=0x0000024d31aaebf0 relative=0x00000000000008b0
Event: 2.026 Thread 0x0000024d844aed20 Uncommon trap: reason=bimorphic_or_optimized_type_check action=maybe_recompile pc=0x0000024d31aaebf0 method=java.util.HashMap.putVal(ILjava/lang/Object;Ljava/lang/Object;ZZ)Ljava/lang/Object; @ 91 c2
Event: 2.026 Thread 0x0000024d844aed20 DEOPT PACKING pc=0x0000024d31aaebf0 sp=0x000000a2f63fe3c0
Event: 2.026 Thread 0x0000024d844aed20 DEOPT UNPACKING pc=0x0000024d314e7da2 sp=0x000000a2f63fe2d0 mode 2
Event: 2.043 Thread 0x0000024d84b5bf80 Uncommon trap: trap_request=0xffffff45 fr.pc=0x0000024d31ada9d0 relative=0x00000000000002f0
Event: 2.043 Thread 0x0000024d84b5bf80 Uncommon trap: reason=unstable_if action=reinterpret pc=0x0000024d31ada9d0 method=java.util.LinkedHashMap.get(Ljava/lang/Object;)Ljava/lang/Object; @ 16 c2
Event: 2.043 Thread 0x0000024d84b5bf80 DEOPT PACKING pc=0x0000024d31ada9d0 sp=0x000000a2f69fe6c0
Event: 2.043 Thread 0x0000024d84b5bf80 DEOPT UNPACKING pc=0x0000024d314e7da2 sp=0x000000a2f69fe678 mode 2
Event: 2.094 Thread 0x0000024d84b5bf80 Uncommon trap: trap_request=0xffffff45 fr.pc=0x0000024d31ac82bc relative=0x00000000000004fc
Event: 2.094 Thread 0x0000024d84b5bf80 Uncommon trap: reason=unstable_if action=reinterpret pc=0x0000024d31ac82bc method=java.lang.AbstractStringBuilder.isLatin1()Z @ 10 c2
Event: 2.094 Thread 0x0000024d84b5bf80 DEOPT PACKING pc=0x0000024d31ac82bc sp=0x000000a2f69fe040
Event: 2.094 Thread 0x0000024d84b5bf80 DEOPT UNPACKING pc=0x0000024d314e7da2 sp=0x000000a2f69fdf90 mode 2
Event: 2.202 Thread 0x0000024d84b5bf80 Uncommon trap: trap_request=0xffffffc6 fr.pc=0x0000024d31ad5784 relative=0x0000000000000324
Event: 2.202 Thread 0x0000024d84b5bf80 Uncommon trap: reason=bimorphic_or_optimized_type_check action=maybe_recompile pc=0x0000024d31ad5784 method=java.util.HashMap.getNode(Ljava/lang/Object;)Ljava/util/HashMap$Node; @ 128 c2
Event: 2.202 Thread 0x0000024d84b5bf80 DEOPT PACKING pc=0x0000024d31ad5784 sp=0x000000a2f69fcec0
Event: 2.202 Thread 0x0000024d84b5bf80 DEOPT UNPACKING pc=0x0000024d314e7da2 sp=0x000000a2f69fcdc8 mode 2
Event: 2.203 Thread 0x0000024d84b5bf80 Uncommon trap: trap_request=0xffffffc6 fr.pc=0x0000024d31ab4450 relative=0x0000000000000350
Event: 2.203 Thread 0x0000024d84b5bf80 Uncommon trap: reason=bimorphic_or_optimized_type_check action=maybe_recompile pc=0x0000024d31ab4450 method=java.util.HashMap.getNode(Ljava/lang/Object;)Ljava/util/HashMap$Node; @ 128 c2
Event: 2.203 Thread 0x0000024d84b5bf80 DEOPT PACKING pc=0x0000024d31ab4450 sp=0x000000a2f69fce50
Event: 2.203 Thread 0x0000024d84b5bf80 DEOPT UNPACKING pc=0x0000024d314e7da2 sp=0x000000a2f69fcdc8 mode 2

Classes loaded (20 events):
Event: 2.200 Loading class sun/security/util/ByteArrayTagOrder
Event: 2.201 Loading class sun/security/util/ByteArrayTagOrder done
Event: 2.201 Loading class sun/security/util/ObjectIdentifier
Event: 2.201 Loading class sun/security/util/ObjectIdentifier done
Event: 2.206 Loading class java/security/spec/ECFieldF2m
Event: 2.206 Loading class java/security/spec/ECFieldF2m done
Event: 2.212 Loading class sun/security/ssl/SunJSSE
Event: 2.213 Loading class sun/security/ssl/SunJSSE done
Event: 2.214 Loading class com/sun/crypto/provider/SunJCE
Event: 2.215 Loading class com/sun/crypto/provider/SunJCE done
Event: 2.223 Loading class sun/security/provider/certpath/ldap/JdkLDAP
Event: 2.223 Loading class sun/security/provider/certpath/ldap/JdkLDAP done
Event: 2.224 Loading class sun/security/provider/certpath/ldap/JdkLDAP$ProviderService
Event: 2.225 Loading class sun/security/provider/certpath/ldap/JdkLDAP$ProviderService done
Event: 2.225 Loading class com/sun/security/sasl/Provider
Event: 2.226 Loading class com/sun/security/sasl/Provider done
Event: 2.226 Loading class com/sun/security/sasl/Provider$1
Event: 2.227 Loading class com/sun/security/sasl/Provider$1 done
Event: 2.227 Loading class com/sun/security/sasl/Provider$ProviderService
Event: 2.227 Loading class com/sun/security/sasl/Provider$ProviderService done

Classes unloaded (0 events):
No events

Classes redefined (0 events):
No events

Internal exceptions (20 events):
Event: 1.287 Thread 0x0000024d844aed20 Exception <a 'java/lang/NoSuchMethodError'{0x000000008af3fe18}: 'void java.lang.invoke.DirectMethodHandle$Holder.invokeInterface(java.lang.Object, java.lang.Object, java.lang.Object)'> (0x000000008af3fe18) 
thrown [s\src\hotspot\share\interpreter\linkResolver.cpp, line 773]
Event: 1.343 Thread 0x0000024d844aed20 Exception <a 'java/lang/NoSuchMethodError'{0x000000008afdc600}: 'void java.lang.invoke.DirectMethodHandle$Holder.invokeStaticInit(java.lang.Object, java.lang.Object, java.lang.Object)'> (0x000000008afdc600) 
thrown [s\src\hotspot\share\interpreter\linkResolver.cpp, line 773]
Event: 1.357 Thread 0x0000024d844aed20 Exception <a 'java/lang/NoSuchMethodError'{0x000000008ae25918}: 'java.lang.Object java.lang.invoke.DirectMethodHandle$Holder.invokeVirtual(java.lang.Object, java.lang.Object, java.lang.Object)'> (0x000000008ae25918) 
thrown [s\src\hotspot\share\interpreter\linkResolver.cpp, line 773]
Event: 1.404 Thread 0x0000024d844aed20 Exception <a 'java/lang/NoSuchMethodError'{0x000000008aeafe10}: 'void java.lang.invoke.DirectMethodHandle$Holder.invokeVirtual(java.lang.Object, java.lang.Object, java.lang.Object, java.lang.Object)'> (0x000000008aeafe10) 
thrown [s\src\hotspot\share\interpreter\linkResolver.cpp, line 773]
Event: 1.502 Thread 0x0000024d84b5bf80 Exception <a 'java/lang/NoClassDefFoundError'{0x000000008ab075b0}: jakarta/validation/Validation> (0x000000008ab075b0) 
thrown [s\src\hotspot\share\classfile\systemDictionary.cpp, line 301]
Event: 1.505 Thread 0x0000024d844aed20 Exception <a 'java/lang/NoSuchMethodError'{0x000000008ab311a8}: 'java.lang.reflect.Field[] java.lang.Class.getDeclaredFields(java.lang.Class)'> (0x000000008ab311a8) 
thrown [s\src\hotspot\share\interpreter\linkResolver.cpp, line 773]
Event: 1.506 Thread 0x0000024d844aed20 Exception <a 'java/lang/NoSuchMethodError'{0x000000008ab35bb8}: 'java.lang.Object java.lang.invoke.DirectMethodHandle$Holder.invokeStatic(java.lang.Object, java.lang.Object, int)'> (0x000000008ab35bb8) 
thrown [s\src\hotspot\share\interpreter\linkResolver.cpp, line 773]
Event: 1.508 Thread 0x0000024d844aed20 Exception <a 'java/lang/NoSuchMethodError'{0x000000008ab41008}: 'void java.lang.invoke.DelegatingMethodHandle$Holder.delegate(java.lang.Object, java.lang.Object, int, java.lang.Object)'> (0x000000008ab41008) 
thrown [s\src\hotspot\share\interpreter\linkResolver.cpp, line 773]
Event: 1.523 Thread 0x0000024d844aed20 Exception <a 'java/lang/IncompatibleClassChangeError'{0x000000008aab8158}: Found class java.lang.Object, but interface was expected> (0x000000008aab8158) 
thrown [s\src\hotspot\share\interpreter\linkResolver.cpp, line 840]
Event: 1.530 Thread 0x0000024d844aed20 Exception <a 'java/lang/NoSuchMethodError'{0x000000008aacecd0}: 'java.lang.Object java.lang.invoke.DirectMethodHandle$Holder.invokeStaticInit(java.lang.Object, int)'> (0x000000008aacecd0) 
thrown [s\src\hotspot\share\interpreter\linkResolver.cpp, line 773]
Event: 1.533 Thread 0x0000024d844aed20 Exception <a 'java/lang/NoSuchMethodError'{0x000000008aad90b8}: 'java.lang.Object java.lang.invoke.DirectMethodHandle$Holder.invokeStatic(java.lang.Object, int, java.lang.Object)'> (0x000000008aad90b8) 
thrown [s\src\hotspot\share\interpreter\linkResolver.cpp, line 773]
Event: 1.534 Thread 0x0000024d844aed20 Exception <a 'java/lang/NoSuchMethodError'{0x000000008aadc748}: 'java.lang.Object java.lang.invoke.DirectMethodHandle$Holder.invokeStaticInit(java.lang.Object, int, java.lang.Object)'> (0x000000008aadc748) 
thrown [s\src\hotspot\share\interpreter\linkResolver.cpp, line 773]
Event: 1.957 Thread 0x0000024d84b5bf80 Exception <a 'java/lang/NoSuchMethodError'{0x000000008afe25d8}: 'long java.lang.invoke.DirectMethodHandle$Holder.invokeSpecial(java.lang.Object, java.lang.Object)'> (0x000000008afe25d8) 
thrown [s\src\hotspot\share\interpreter\linkResolver.cpp, line 773]
Event: 1.960 Thread 0x0000024d844aed20 Exception <a 'java/lang/NoSuchMethodError'{0x000000008af9fa90}: 'int java.lang.invoke.DirectMethodHandle$Holder.invokeSpecial(java.lang.Object, java.lang.Object, java.lang.Object, java.lang.Object, java.lang.Object)'> (0x000000008af9fa90) 
thrown [s\src\hotspot\share\interpreter\linkResolver.cpp, line 773]
Event: 1.962 Thread 0x0000024d84b5bf80 Exception <a 'java/lang/NoSuchMethodError'{0x000000008afec198}: 'long java.lang.invoke.DirectMethodHandle$Holder.invokeStatic(java.lang.Object, java.lang.Object)'> (0x000000008afec198) 
thrown [s\src\hotspot\share\interpreter\linkResolver.cpp, line 773]
Event: 1.962 Thread 0x0000024d84b5bf80 Exception <a 'java/lang/NoSuchMethodError'{0x000000008afef290}: 'long java.lang.invoke.DirectMethodHandle$Holder.invokeStaticInit(java.lang.Object, java.lang.Object)'> (0x000000008afef290) 
thrown [s\src\hotspot\share\interpreter\linkResolver.cpp, line 773]
Event: 1.963 Thread 0x0000024d844aed20 Exception <a 'java/lang/NoSuchMethodError'{0x000000008afa7f80}: 'void java.lang.invoke.DirectMethodHandle$Holder.invokeVirtual(java.lang.Object, java.lang.Object)'> (0x000000008afa7f80) 
thrown [s\src\hotspot\share\interpreter\linkResolver.cpp, line 773]
Event: 1.964 Thread 0x0000024d84b5bf80 Exception <a 'java/lang/NoSuchMethodError'{0x000000008affb4e0}: 'long java.lang.invoke.DirectMethodHandle$Holder.invokeInterface(java.lang.Object, java.lang.Object)'> (0x000000008affb4e0) 
thrown [s\src\hotspot\share\interpreter\linkResolver.cpp, line 773]
Event: 1.965 Thread 0x0000024d84b5bf80 Exception <a 'java/lang/IncompatibleClassChangeError'{0x000000008affe500}: Found class java.lang.Object, but interface was expected> (0x000000008affe500) 
thrown [s\src\hotspot\share\interpreter\linkResolver.cpp, line 840]
Event: 1.974 Thread 0x0000024d84b5bf80 Exception <a 'java/lang/NoSuchMethodError'{0x000000008ae70e98}: 'java.lang.Object java.lang.invoke.DirectMethodHandle$Holder.invokeVirtual(java.lang.Object, java.lang.Object, java.lang.Object, java.lang.Object)'> (0x000000008ae70e98) 
thrown [s\src\hotspot\share\interpreter\linkResolver.cpp, line 773]

ZGC Phase Switch (0 events):
No events

VM Operations (20 events):
Event: 1.421 Executing VM operation: ICBufferFull
Event: 1.421 Executing VM operation: ICBufferFull done
Event: 1.490 Executing VM operation: HandshakeAllThreads (Deoptimize)
Event: 1.490 Executing VM operation: HandshakeAllThreads (Deoptimize) done
Event: 1.493 Executing VM operation: HandshakeAllThreads (Deoptimize)
Event: 1.493 Executing VM operation: HandshakeAllThreads (Deoptimize) done
Event: 1.506 Executing VM operation: HandshakeAllThreads (Deoptimize)
Event: 1.506 Executing VM operation: HandshakeAllThreads (Deoptimize) done
Event: 1.535 Executing VM operation: HandshakeAllThreads (Deoptimize)
Event: 1.535 Executing VM operation: HandshakeAllThreads (Deoptimize) done
Event: 1.693 Executing VM operation: HandshakeAllThreads (Deoptimize)
Event: 1.693 Executing VM operation: HandshakeAllThreads (Deoptimize) done
Event: 1.816 Executing VM operation: G1CollectForAllocation (G1 Evacuation Pause)
Event: 1.823 Executing VM operation: G1CollectForAllocation (G1 Evacuation Pause) done
Event: 1.923 Executing VM operation: HandshakeAllThreads (Deoptimize)
Event: 1.923 Executing VM operation: HandshakeAllThreads (Deoptimize) done
Event: 2.111 Executing VM operation: HandshakeAllThreads (Deoptimize)
Event: 2.111 Executing VM operation: HandshakeAllThreads (Deoptimize) done
Event: 2.200 Executing VM operation: HandshakeAllThreads (Deoptimize)
Event: 2.200 Executing VM operation: HandshakeAllThreads (Deoptimize) done

Memory protections (0 events):
No events

Nmethod flushes (0 events):
No events

Events (18 events):
Event: 0.030 Thread 0x0000024d26d6ffd0 Thread added: 0x0000024d26d6ffd0
Event: 0.047 Thread 0x0000024d26d6ffd0 Thread added: 0x0000024d3e3e0ce0
Event: 0.047 Thread 0x0000024d26d6ffd0 Thread added: 0x0000024d3e3e1890
Event: 0.047 Thread 0x0000024d26d6ffd0 Thread added: 0x0000024d3e3e37e0
Event: 0.047 Thread 0x0000024d26d6ffd0 Thread added: 0x0000024d3e3e4840
Event: 0.047 Thread 0x0000024d26d6ffd0 Thread added: 0x0000024d3e3e62a0
Event: 0.047 Thread 0x0000024d26d6ffd0 Thread added: 0x0000024d3e3eee30
Event: 0.047 Thread 0x0000024d26d6ffd0 Thread added: 0x0000024d3e3f7200
Event: 0.048 Thread 0x0000024d26d6ffd0 Thread added: 0x0000024d3e3f7dc0
Event: 0.126 Thread 0x0000024d26d6ffd0 Thread added: 0x0000024d3e53a900
Event: 0.130 Thread 0x0000024d26d6ffd0 Thread added: 0x0000024d3e542f00
Event: 0.158 Thread 0x0000024d3e3f7dc0 Thread added: 0x0000024d3e5fe930
Event: 0.618 Thread 0x0000024d26d6ffd0 Thread added: 0x0000024d84347930
Event: 0.633 Thread 0x0000024d84347930 Thread added: 0x0000024d844aed20
Event: 1.500 Thread 0x0000024d844aed20 Thread added: 0x0000024d84b5bf80
Event: 2.087 Thread 0x0000024d844aed20 Thread added: 0x0000024d85403940
Event: 2.231 Thread 0x0000024d84b5bf80 Thread exited: 0x0000024d84b5bf80
Event: 2.267 Thread 0x0000024d85403940 Thread exited: 0x0000024d85403940


Dynamic libraries:
0x00007ff7575c0000 - 0x00007ff7575ce000 	C:\Users\NAVEENA WIMALARATHNE\.vscode\extensions\redhat.java-1.41.1-win32-x64\jre\21.0.6-win32-x86_64\bin\java.exe
0x00007ffbf7090000 - 0x00007ffbf72a7000 	C:\WINDOWS\SYSTEM32\ntdll.dll
0x00007ffbf6840000 - 0x00007ffbf6904000 	C:\WINDOWS\System32\KERNEL32.DLL
0x00007ffbf4950000 - 0x00007ffbf4d23000 	C:\WINDOWS\System32\KERNELBASE.dll
0x00007ffbf4770000 - 0x00007ffbf4881000 	C:\WINDOWS\System32\ucrtbase.dll
0x00007ffbe5100000 - 0x00007ffbe511e000 	C:\Users\NAVEENA WIMALARATHNE\.vscode\extensions\redhat.java-1.41.1-win32-x64\jre\21.0.6-win32-x86_64\bin\VCRUNTIME140.dll
0x00007ffbe7140000 - 0x00007ffbe7158000 	C:\Users\NAVEENA WIMALARATHNE\.vscode\extensions\redhat.java-1.41.1-win32-x64\jre\21.0.6-win32-x86_64\bin\jli.dll
0x00007ffbf5a50000 - 0x00007ffbf5c01000 	C:\WINDOWS\System32\USER32.dll
0x00007ffbf44f0000 - 0x00007ffbf4516000 	C:\WINDOWS\System32\win32u.dll
0x00007ffbdd1d0000 - 0x00007ffbdd468000 	C:\WINDOWS\WinSxS\amd64_microsoft.windows.common-controls_6595b64144ccf1df_6.0.22621.5124_none_270e8f4f7386d69d\COMCTL32.dll
0x00007ffbf5180000 - 0x00007ffbf51a9000 	C:\WINDOWS\System32\GDI32.dll
0x00007ffbf4d30000 - 0x00007ffbf4dd7000 	C:\WINDOWS\System32\msvcrt.dll
0x00007ffbf45d0000 - 0x00007ffbf46eb000 	C:\WINDOWS\System32\gdi32full.dll
0x00007ffbf41a0000 - 0x00007ffbf423a000 	C:\WINDOWS\System32\msvcp_win.dll
0x00007ffbf5030000 - 0x00007ffbf5061000 	C:\WINDOWS\System32\IMM32.DLL
0x00007ffbef570000 - 0x00007ffbef57c000 	C:\Users\NAVEENA WIMALARATHNE\.vscode\extensions\redhat.java-1.41.1-win32-x64\jre\21.0.6-win32-x86_64\bin\vcruntime140_1.dll
0x00007ffba9b30000 - 0x00007ffba9bbd000 	C:\Users\NAVEENA WIMALARATHNE\.vscode\extensions\redhat.java-1.41.1-win32-x64\jre\21.0.6-win32-x86_64\bin\msvcp140.dll
0x00007ffb85d50000 - 0x00007ffb86ae0000 	C:\Users\NAVEENA WIMALARATHNE\.vscode\extensions\redhat.java-1.41.1-win32-x64\jre\21.0.6-win32-x86_64\bin\server\jvm.dll
0x00007ffbf6b00000 - 0x00007ffbf6bb1000 	C:\WINDOWS\System32\ADVAPI32.dll
0x00007ffbf4e00000 - 0x00007ffbf4ea8000 	C:\WINDOWS\System32\sechost.dll
0x00007ffbf45a0000 - 0x00007ffbf45c8000 	C:\WINDOWS\System32\bcrypt.dll
0x00007ffbf69c0000 - 0x00007ffbf6ad4000 	C:\WINDOWS\System32\RPCRT4.dll
0x00007ffbf6fd0000 - 0x00007ffbf7041000 	C:\WINDOWS\System32\WS2_32.dll
0x00007ffbf36a0000 - 0x00007ffbf36ed000 	C:\WINDOWS\SYSTEM32\POWRPROF.dll
0x00007ffbf1c90000 - 0x00007ffbf1cc4000 	C:\WINDOWS\SYSTEM32\WINMM.dll
0x00007ffbecfb0000 - 0x00007ffbecfba000 	C:\WINDOWS\SYSTEM32\VERSION.dll
0x00007ffbf35e0000 - 0x00007ffbf35f3000 	C:\WINDOWS\SYSTEM32\UMPDC.dll
0x00007ffbf3190000 - 0x00007ffbf31a8000 	C:\WINDOWS\SYSTEM32\kernel.appcore.dll
0x00007ffbecab0000 - 0x00007ffbecaba000 	C:\Users\NAVEENA WIMALARATHNE\.vscode\extensions\redhat.java-1.41.1-win32-x64\jre\21.0.6-win32-x86_64\bin\jimage.dll
0x00007ffbf1a50000 - 0x00007ffbf1c82000 	C:\WINDOWS\SYSTEM32\DBGHELP.DLL
0x00007ffbf5ea0000 - 0x00007ffbf6232000 	C:\WINDOWS\System32\combase.dll
0x00007ffbf6d90000 - 0x00007ffbf6e67000 	C:\WINDOWS\System32\OLEAUT32.dll
0x00007ffbf1a10000 - 0x00007ffbf1a42000 	C:\WINDOWS\SYSTEM32\dbgcore.DLL
0x00007ffbf46f0000 - 0x00007ffbf476b000 	C:\WINDOWS\System32\bcryptPrimitives.dll
0x00007ffbe0f20000 - 0x00007ffbe0f3f000 	C:\Users\NAVEENA WIMALARATHNE\.vscode\extensions\redhat.java-1.41.1-win32-x64\jre\21.0.6-win32-x86_64\bin\java.dll
0x00007ffbf51b0000 - 0x00007ffbf5a46000 	C:\WINDOWS\System32\SHELL32.dll
0x00007ffbf4240000 - 0x00007ffbf437f000 	C:\WINDOWS\System32\wintypes.dll
0x00007ffbf2070000 - 0x00007ffbf298a000 	C:\WINDOWS\SYSTEM32\windows.storage.dll
0x00007ffbf5070000 - 0x00007ffbf517a000 	C:\WINDOWS\System32\SHCORE.dll
0x00007ffbf5c80000 - 0x00007ffbf5ce3000 	C:\WINDOWS\System32\shlwapi.dll
0x00007ffbf40d0000 - 0x00007ffbf40fb000 	C:\WINDOWS\SYSTEM32\profapi.dll
0x00007ffbe0f00000 - 0x00007ffbe0f18000 	C:\Users\NAVEENA WIMALARATHNE\.vscode\extensions\redhat.java-1.41.1-win32-x64\jre\21.0.6-win32-x86_64\bin\zip.dll
0x00007ffbe5910000 - 0x00007ffbe5920000 	C:\Users\NAVEENA WIMALARATHNE\.vscode\extensions\redhat.java-1.41.1-win32-x64\jre\21.0.6-win32-x86_64\bin\net.dll
0x00007ffbec8a0000 - 0x00007ffbec9cc000 	C:\WINDOWS\SYSTEM32\WINHTTP.dll
0x00007ffbf36f0000 - 0x00007ffbf375a000 	C:\WINDOWS\system32\mswsock.dll
0x00007ffbdfb70000 - 0x00007ffbdfb86000 	C:\Users\NAVEENA WIMALARATHNE\.vscode\extensions\redhat.java-1.41.1-win32-x64\jre\21.0.6-win32-x86_64\bin\nio.dll
0x00007ffbdee70000 - 0x00007ffbdee7a000 	C:\Users\NAVEENA WIMALARATHNE\.vscode\extensions\redhat.java-1.41.1-win32-x64\jre\21.0.6-win32-x86_64\bin\management.dll
0x00007ffbdee60000 - 0x00007ffbdee6b000 	C:\Users\NAVEENA WIMALARATHNE\.vscode\extensions\redhat.java-1.41.1-win32-x64\jre\21.0.6-win32-x86_64\bin\management_ext.dll
0x00007ffbf6bc0000 - 0x00007ffbf6bc8000 	C:\WINDOWS\System32\PSAPI.DLL
0x00007ffbdda10000 - 0x00007ffbdda1e000 	C:\Users\NAVEENA WIMALARATHNE\.vscode\extensions\redhat.java-1.41.1-win32-x64\jre\21.0.6-win32-x86_64\bin\sunmscapi.dll
0x00007ffbf4380000 - 0x00007ffbf44e7000 	C:\WINDOWS\System32\CRYPT32.dll
0x00007ffbf3b50000 - 0x00007ffbf3b7d000 	C:\WINDOWS\SYSTEM32\ncrypt.dll
0x00007ffbf3b10000 - 0x00007ffbf3b47000 	C:\WINDOWS\SYSTEM32\NTASN1.dll

dbghelp: loaded successfully - version: 4.0.5 - missing functions: none
symbol engine: initialized successfully - sym options: 0x614 - pdb path: .;C:\Users\NAVEENA WIMALARATHNE\.vscode\extensions\redhat.java-1.41.1-win32-x64\jre\21.0.6-win32-x86_64\bin;C:\WINDOWS\SYSTEM32;C:\WINDOWS\WinSxS\amd64_microsoft.windows.common-controls_6595b64144ccf1df_6.0.22621.5124_none_270e8f4f7386d69d;C:\Users\NAVEENA WIMALARATHNE\.vscode\extensions\redhat.java-1.41.1-win32-x64\jre\21.0.6-win32-x86_64\bin\server

VM Arguments:
jvm_args: -XX:+ShowCodeDetailsInExceptionMessages 
java_command: com.hallbooking.model.DemoApplication
java_class_path (initial): C:\Users\NAVEENA WIMALARATHNE\Downloads\demo\demo\target\classes;C:\Users\NAVEENA WIMALARATHNE\.m2\repository\org\springframework\boot\spring-boot-starter-data-jpa\3.4.5\spring-boot-starter-data-jpa-3.4.5.jar;C:\Users\NAVEENA WIMALARATHNE\.m2\repository\org\springframework\boot\spring-boot-starter\3.4.5\spring-boot-starter-3.4.5.jar;C:\Users\NAVEENA WIMALARATHNE\.m2\repository\org\springframework\boot\spring-boot-starter-logging\3.4.5\spring-boot-starter-logging-3.4.5.jar;C:\Users\NAVEENA WIMALARATHNE\.m2\repository\ch\qos\logback\logback-classic\1.5.18\logback-classic-1.5.18.jar;C:\Users\NAVEENA WIMALARATHNE\.m2\repository\ch\qos\logback\logback-core\1.5.18\logback-core-1.5.18.jar;C:\Users\NAVEENA WIMALARATHNE\.m2\repository\org\apache\logging\log4j\log4j-to-slf4j\2.24.3\log4j-to-slf4j-2.24.3.jar;C:\Users\NAVEENA WIMALARATHNE\.m2\repository\org\apache\logging\log4j\log4j-api\2.24.3\log4j-api-2.24.3.jar;C:\Users\NAVEENA WIMALARATHNE\.m2\repository\org\slf4j\jul-to-slf4j\2.0.17\jul-to-slf4j-2.0.17.jar;C:\Users\NAVEENA WIMALARATHNE\.m2\repository\jakarta\annotation\jakarta.annotation-api\2.1.1\jakarta.annotation-api-2.1.1.jar;C:\Users\NAVEENA WIMALARATHNE\.m2\repository\org\yaml\snakeyaml\2.3\snakeyaml-2.3.jar;C:\Users\NAVEENA WIMALARATHNE\.m2\repository\org\springframework\boot\spring-boot-starter-jdbc\3.4.5\spring-boot-starter-jdbc-3.4.5.jar;C:\Users\NAVEENA WIMALARATHNE\.m2\repository\com\zaxxer\HikariCP\5.1.0\HikariCP-5.1.0.jar;C:\Users\NAVEENA WIMALARATHNE\.m2\repository\org\springframework\spring-jdbc\6.2.6\spring-jdbc-6.2.6.jar;C:\Users\NAVEENA WIMALARATHNE\.m2\repository\org\hibernate\orm\hibernate-core\6.6.13.Final\hibernate-core-6.6.13.Final.jar;C:\Users\NAVEENA WIMALARATHNE\.m2\repository\jakarta\persistence\jakarta.persistence-api\3.1.0\jakarta.persistence-api-3.1.0.jar;C:\Users\NAVEENA WIMALARATHNE\.m2\repository\jakarta\transaction\jakarta.transaction-api\2.0.1\jakarta.transaction-api-2.0.1.jar;C:\Users\NAVEENA WIMALARATHNE\.m2\repository\org\jboss\logging\jboss-logging\3.6.1.Final\jboss-logging-3.6.1.Final.jar;C:\Users\NAVEENA WIMALARATHNE\.m2\repository\org\hibernate\common\hibernate-commons-annotations\7.0.3.Final\hibernate-commons-annotations-7.0.3.Final.jar;C:\Users\NAVEENA WIMALARATHNE\.m2\repository\io\smallrye\jandex\3.2.0\jandex-3.2.0.jar;C:\Users\NAVEENA WIMALARATHNE\.m2\repository\com\fasterxml\classmate\1.7.0\classmate-1.7.0.jar;C:\Users\NAVEENA WIMALARATHNE\.m2\repository\net\bytebuddy\byte-buddy\1.15.11\byte-buddy-1.15.11.jar;C:\Users\NAVEENA WIMALARATHNE\.m2\repository\org\glassfish\jaxb\jaxb-runtime\4.0.5\jaxb-runtime-4.0.5.jar;C:\Users\NAVEENA WIMALARATHNE\.m2\repository\org\glassfish\jaxb\jaxb-core\4.0.5\jaxb-core-4.0.5.jar;C:\Users\NAVEENA WIMALARATHNE\.m2\repository\org\eclipse\angus\angus-activation\2.0.2\angus-activation-2.0.2.jar;C:\Users\NAVEENA WIMALARATHNE\.m2\repository\org\glassfish\jaxb\txw2\4.0.5\txw2-4.0.5.jar;C:\Users\NAVEENA WIMALARATHNE\.m2\repository\com\sun\istack\istack-commons-runtime\4.1.2\istack-commons-runtime-4.1.2.jar;C:\Users\NAVEENA WIMALARATHNE\.m2\repository\jakarta\inject\jakarta.inject-api\2.0.1\jakarta.inject-api-2.0.1.jar;C:\Users\NAVEENA WIMALARATHNE\.m2\repository\org\antlr\antlr4-runtime\4.13.0\antlr4-runtime-4.13.0.jar;C:\Users\NAVEENA WIMALARATHNE\.m2\repository\org\springframework\data\spring-data-jpa\3.4.5\spring-data-jpa-3.4.5.jar;C:\Users\NAVEENA WIMALARATHNE\.m2\repository\org\springframework\data\spring-data-commons\3.4.5\spring-data-commons-3.4.5.jar;C:\Users\NAVEENA WIMALARATHNE\.m2\repository\org\springframework\spring-orm\6.2.6\spring-orm-6.2.6.jar;C:\Users\NAVEENA WIMALARATHNE\.m2\repository\org\springframework\spring-context\6.2.6\spring-context-6.2.6.jar;C:\Users\NAVEENA WIMALARATHNE\.m2\repository\org\springframework\spring-tx\6.2.6\spring-tx-6.2.6.jar;C:\Users\NAVEENA WIMALARATHNE\.m2\repository\org\springframework\spring-beans\6.2.6\spring-beans-6.2.6.jar;C:\Users\NAVEENA WIMALARATHNE\.m2\repository\org\slf4j\slf4j-api\2.0.17\slf4j-api-2.0.17.jar;C:\Users\NAVEENA WIMALARATHNE\.m2\repository\org\springframework\spring-aspects\6.2.6\spring-aspects-6.2.6.jar;C:\Users\NAVEENA WIMALARATHNE\.m2\repository\org\aspectj\aspectjweaver\1.9.24\aspectjweaver-1.9.24.jar;C:\Users\NAVEENA WIMALARATHNE\.m2\repository\org\springframework\boot\spring-boot-starter-security\3.4.5\spring-boot-starter-security-3.4.5.jar;C:\Users\NAVEENA WIMALARATHNE\.m2\repository\org\springframework\spring-aop\6.2.6\spring-aop-6.2.6.jar;C:\Users\NAVEENA WIMALARATHNE\.m2\repository\org\springframework\security\spring-security-config\6.4.5\spring-security-config-6.4.5.jar;C:\Users\NAVEENA WIMALARATHNE\.m2\repository\org\springframework\security\spring-security-web\6.4.5\spring-security-web-6.4.5.jar;C:\Users\NAVEENA WIMALARATHNE\.m2\repository\org\springframework\spring-expression\6.2.6\spring-expression-6.2.6.jar;C:\Users\NAVEENA WIMALARATHNE\.m2\repository\org\springframework\boot\spring-boot-starter-web\3.4.5\spring-boot-starter-web-3.4.5.jar;C:\Users\NAVEENA WIMALARATHNE\.m2\repository\org\springframework\boot\spring-boot-starter-json\3.4.5\spring-boot-starter-json-3.4.5.jar;C:\Users\NAVEENA WIMALARATHNE\.m2\repository\com\fasterxml\jackson\core\jackson-databind\2.18.3\jackson-databind-2.18.3.jar;C:\Users\NAVEENA WIMALARATHNE\.m2\repository\com\fasterxml\jackson\core\jackson-annotations\2.18.3\jackson-annotations-2.18.3.jar;C:\Users\NAVEENA WIMALARATHNE\.m2\repository\com\fasterxml\jackson\core\jackson-core\2.18.3\jackson-core-2.18.3.jar;C:\Users\NAVEENA WIMALARATHNE\.m2\repository\com\fasterxml\jackson\datatype\jackson-datatype-jdk8\2.18.3\jackson-datatype-jdk8-2.18.3.jar;C:\Users\NAVEENA WIMALARATHNE\.m2\repository\com\fasterxml\jackson\datatype\jackson-datatype-jsr310\2.18.3\jackson-datatype-jsr310-2.18.3.jar;C:\Users\NAVEENA WIMALARATHNE\.m2\repository\com\fasterxml\jackson\module\jackson-module-parameter-names\2.18.3\jackson-module-parameter-names-2.18.3.jar;C:\Users\NAVEENA WIMALARATHNE\.m2\repository\org\springframework\boot\spring-boot-starter-tomcat\3.4.5\spring-boot-starter-tomcat-3.4.5.jar;C:\Users\NAVEENA WIMALARATHNE\.m2\repository\org\apache\tomcat\embed\tomcat-embed-core\10.1.40\tomcat-embed-core-10.1.40.jar;C:\Users\NAVEENA WIMALARATHNE\.m2\repository\org\apache\tomcat\embed\tomcat-embed-el\10.1.40\tomcat-embed-el-10.1.40.jar;C:\Users\NAVEENA WIMALARATHNE\.m2\repository\org\apache\tomcat\embed\tomcat-embed-websocket\10.1.40\tomcat-embed-websocket-10.1.40.jar;C:\Users\NAVEENA WIMALARATHNE\.m2\repository\org\springframework\spring-web\6.2.6\spring-web-6.2.6.jar;C:\Users\NAVEENA WIMALARATHNE\.m2\repository\io\micrometer\micrometer-observation\1.14.6\micrometer-observation-1.14.6.jar;C:\Users\NAVEENA WIMALARATHNE\.m2\repository\io\micrometer\micrometer-commons\1.14.6\micrometer-commons-1.14.6.jar;C:\Users\NAVEENA WIMALARATHNE\.m2\repository\org\springframework\spring-webmvc\6.2.6\spring-webmvc-6.2.6.jar;C:\Users\NAVEENA WIMALARATHNE\.m2\repository\org\springframework\boot\spring-boot-devtools\3.4.5\spring-boot-devtools-3.4.5.jar;C:\Users\NAVEENA WIMALARATHNE\.m2\repository\org\springframework\boot\spring-boot\3.4.5\spring-boot-3.4.5.jar;C:\Users\NAVEENA WIMALARATHNE\.m2\repository\org\springframework\boot\spring-boot-autoconfigure\3.4.5\spring-boot-autoconfigure-3.4.5.jar;C:\Users\NAVEENA WIMALARATHNE\.m2\repository\com\mysql\mysql-connector-j\9.1.0\mysql-connector-j-9.1.0.jar;C:\Users\NAVEENA WIMALARATHNE\.m2\repository\jakarta\xml\bind\jakarta.xml.bind-api\4.0.2\jakarta.xml.bind-api-4.0.2.jar;C:\Users\NAVEENA WIMALARATHNE\.m2\repository\jakarta\activation\jakarta.activation-api\2.1.3\jakarta.activation-api-2.1.3.jar;C:\Users\NAVEENA WIMALARATHNE\.m2\repository\org\springframework\spring-core\6.2.6\spring-core-6.2.6.jar;C:\Users\NAVEENA WIMALARATHNE\.m2\repository\org\springframework\spring-jcl\6.2.6\spring-jcl-6.2.6.jar;C:\Users\NAVEENA WIMALARATHNE\.m2\repository\org\springframework\security\spring-security-core\6.4.5\spring-security-core-6.4.5.jar;C:\Users\NAVEENA WIMALARATHNE\.m2\repository\org\springframework\security\spring-security-crypto\6.4.5\spring-security-crypto-6.4.5.jar
Launcher Type: SUN_STANDARD

[Global flags]
     intx CICompilerCount                          = 4                                         {product} {ergonomic}
     uint ConcGCThreads                            = 2                                         {product} {ergonomic}
     uint G1ConcRefinementThreads                  = 8                                         {product} {ergonomic}
   size_t G1HeapRegionSize                         = 1048576                                   {product} {ergonomic}
    uintx GCDrainStackTargetSize                   = 64                                        {product} {ergonomic}
   size_t InitialHeapSize                          = 132120576                                 {product} {ergonomic}
   size_t MarkStackSize                            = 4194304                                   {product} {ergonomic}
   size_t MaxHeapSize                              = 2086666240                                {product} {ergonomic}
   size_t MaxNewSize                               = 1251999744                                {product} {ergonomic}
   size_t MinHeapDeltaBytes                        = 1048576                                   {product} {ergonomic}
   size_t MinHeapSize                              = 8388608                                   {product} {ergonomic}
    uintx NonNMethodCodeHeapSize                   = 5839372                                {pd product} {ergonomic}
    uintx NonProfiledCodeHeapSize                  = 122909434                              {pd product} {ergonomic}
    uintx ProfiledCodeHeapSize                     = 122909434                              {pd product} {ergonomic}
    uintx ReservedCodeCacheSize                    = 251658240                              {pd product} {ergonomic}
     bool SegmentedCodeCache                       = true                                      {product} {ergonomic}
     bool ShowCodeDetailsInExceptionMessages       = true                                   {manageable} {command line}
   size_t SoftMaxHeapSize                          = 2086666240                             {manageable} {ergonomic}
     bool UseCompressedOops                        = true                           {product lp64_product} {ergonomic}
     bool UseG1GC                                  = true                                      {product} {ergonomic}
     bool UseLargePagesIndividualAllocation        = false                                  {pd product} {ergonomic}

Logging:
Log output configuration:
 #0: stdout all=warning uptime,level,tags foldmultilines=false
 #1: stderr all=off uptime,level,tags foldmultilines=false

Environment Variables:
PATH=C:\oraclexe\app\oracle\product\11.2.0\server\bin;";C:\Program Files\Java\jdk-15.0.1\bin";C:\Program Files\Common Files\Oracle\Java\javapath;C:\Windows\system32;C:\Windows;C:\Windows\System32\Wbem;C:\Windows\System32\WindowsPowerShell\v1.0\;C:\Windows\System32\OpenSSH\;C:\Program Files\NVIDIA Corporation\NVIDIA NvDLISR;C:\xampp\mysql\bin;C:\WINDOWS\system32;C:\WINDOWS;C:\WINDOWS\System32\Wbem;C:\WINDOWS\System32\WindowsPowerShell\v1.0\;C:\WINDOWS\System32\OpenSSH\;C:\Program Files\dotnet\;C:\Program Files\nodejs\;C:\Program Files\Git\cmd;C:\minikube;C:\Program Files\Docker\Docker\resources\bin;C:\Users\NAVEENA WIMALARATHNE\AppData\Local\Programs\Python\Python39\Scripts\;C:\Users\NAVEENA WIMALARATHNE\AppData\Local\Programs\Python\Python39\;C:\Users\NAVEENA WIMALARATHNE\AppData\Local\Programs\Python\Launcher\;C:\Program Files\Java\jdk-15.0.1\bin;C:\Users\NAVEENA WIMALARATHNE\AppData\Local\Microsoft\WindowsApps;C:\Program Files\CodeBlocks\MinGW\bin;C:\Users\NAVEENA WIMALARATHNE\AppData\Local\Programs\Microsoft VS Code\bin;C:\Users\NAVEENA WIMALARATHNE\AppData\Roaming\npm;C:\Users\NAVEENA WIMALARATHNE\AppData\Local\GitHubDesktop\bin;C:\Program Files\JetBrains\IntelliJ IDEA Community Edition 2024.1.4\bin;;C:\Users\NAVEENA WIMALARATHNE\AppData\Local\Programs\Python\Python39\Scripts;C:\Program Files\nodejs;C:\Users\NAVEENA WIMALARATHNE\Downloads\apache-maven-3.9.9\bin;C:\Users\NAVEENA WIMALARATHNE\AppData\Local\Programs\MiKTeX\miktex\bin\x64\
USERNAME=NAVEENA WIMALARATHNE
LANG=en_US.UTF-8
OS=Windows_NT
PROCESSOR_IDENTIFIER=Intel64 Family 6 Model 126 Stepping 5, GenuineIntel
TMP=C:\Users\NAVEEN~1\AppData\Local\Temp
TEMP=C:\Users\NAVEEN~1\AppData\Local\Temp




Periodic native trim disabled

---------------  S Y S T E M  ---------------

OS:
 Windows 11 , 64 bit Build 22621 (10.0.22621.5124)
OS uptime: 11 days 1:42 hours
Hyper-V role detected

CPU: total 8 (initial active 8) (4 cores per cpu, 2 threads per core) family 6 model 126 stepping 5 microcode 0xc2, cx8, cmov, fxsr, ht, mmx, 3dnowpref, sse, sse2, sse3, ssse3, sse4.1, sse4.2, popcnt, lzcnt, tsc, tscinvbit, avx, avx2, aes, erms, clmul, bmi1, bmi2, adx, avx512f, avx512dq, avx512cd, avx512bw, avx512vl, sha, fma, vzeroupper, avx512_vpopcntdq, avx512_vpclmulqdq, avx512_vaes, avx512_vnni, clflush, clflushopt, avx512_vbmi2, avx512_vbmi, hv, rdtscp, rdpid, fsrm, gfni, avx512_bitalg, f16c, avx512_ifma
Processor Information for the first 8 processors :
  Max Mhz: 1190, Current Mhz: 991, Mhz Limit: 987

Memory: 4k page, system-wide physical 7959M (363M free)
TotalPageFile size 19330M (AvailPageFile size 5M)
current process WorkingSet (physical memory assigned to process): 145M, peak: 145M
current process commit charge ("private bytes"): 270M, peak: 271M

vm_info: OpenJDK 64-Bit Server VM (21.0.6+7-LTS) for windows-amd64 JRE (21.0.6+7-LTS), built on 2025-01-21T00:00:00Z by "admin" with MS VC++ 17.7 (VS2022)

END.
